[INFO] Scanning for projects...
[INFO] 
[INFO] ----------------------< com.jobportal:Job-Portal >----------------------
[INFO] Building Job-Portal 0.0.1-SNAPSHOT
[INFO]   from pom.xml
[INFO] --------------------------------[ jar ]---------------------------------
[INFO] 
[INFO] >>> spring-boot:4.0.1:run (default-cli) > test-compile @ Job-Portal >>>
[INFO] 
[INFO] --- resources:3.3.1:resources (default-resources) @ Job-Portal ---
[INFO] Copying 1 resource from src/main/resources to target/classes
[INFO] Copying 1 resource from src/main/resources to target/classes
[INFO] 
[INFO] --- compiler:3.14.1:compile (default-compile) @ Job-Portal ---
[INFO] Nothing to compile - all classes are up to date.
[INFO] 
[INFO] --- resources:3.3.1:testResources (default-testResources) @ Job-Portal ---
[INFO] skip non existing resourceDirectory /Users/samarthkamble/Freelance/job-portal/server/src/test/resources
[INFO] 
[INFO] --- compiler:3.14.1:testCompile (default-testCompile) @ Job-Portal ---
[INFO] Nothing to compile - all classes are up to date.
[INFO] 
[INFO] <<< spring-boot:4.0.1:run (default-cli) < test-compile @ Job-Portal <<<
[INFO] 
[INFO] 
[INFO] --- spring-boot:4.0.1:run (default-cli) @ Job-Portal ---
[INFO] Attaching agents: []

  .   ____          _            __ _ _
 /\\ / ___'_ __ _ _(_)_ __  __ _ \ \ \ \
( ( )\___ | '_ | '_| | '_ \/ _` | \ \ \ \
 \\/  ___)| |_)| | | | | || (_| |  ) ) ) )
  '  |____| .__|_| |_|_| |_\__, | / / / /
 =========|_|==============|___/=/_/_/_/

 :: Spring Boot ::                (v4.0.1)

2026-03-01T16:06:37.004+05:30  INFO 97963 --- [Job-Portal] [  restartedMain] com.jobportal.JobPortalApplication       : Starting JobPortalApplication using Java 21.0.9 with PID 97963 (/Users/samarthkamble/Freelance/job-portal/server/target/classes started by samarthkamble in /Users/samarthkamble/Freelance/job-portal/server)
2026-03-01T16:06:37.009+05:30  INFO 97963 --- [Job-Portal] [  restartedMain] com.jobportal.JobPortalApplication       : No active profile set, falling back to 1 default profile: "default"
2026-03-01T16:06:37.068+05:30  INFO 97963 --- [Job-Portal] [  restartedMain] .e.DevToolsPropertyDefaultsPostProcessor : Devtools property defaults active! Set 'spring.devtools.add-properties' to 'false' to disable
2026-03-01T16:06:37.068+05:30  INFO 97963 --- [Job-Portal] [  restartedMain] .e.DevToolsPropertyDefaultsPostProcessor : For additional web related logging consider setting the 'logging.level.web' property to 'DEBUG'
2026-03-01T16:06:37.777+05:30  INFO 97963 --- [Job-Portal] [  restartedMain] .s.d.r.c.RepositoryConfigurationDelegate : Bootstrapping Spring Data MongoDB repositories in DEFAULT mode.
2026-03-01T16:06:37.895+05:30  INFO 97963 --- [Job-Portal] [  restartedMain] .s.d.r.c.RepositoryConfigurationDelegate : Finished Spring Data repository scanning in 113 ms. Found 5 MongoDB repository interfaces.
2026-03-01T16:06:38.317+05:30  INFO 97963 --- [Job-Portal] [  restartedMain] o.s.boot.tomcat.TomcatWebServer          : Tomcat initialized with port 8080 (http)
2026-03-01T16:06:38.328+05:30  INFO 97963 --- [Job-Portal] [  restartedMain] o.apache.catalina.core.StandardService   : Starting service [Tomcat]
2026-03-01T16:06:38.328+05:30  INFO 97963 --- [Job-Portal] [  restartedMain] o.apache.catalina.core.StandardEngine    : Starting Servlet engine: [Apache Tomcat/11.0.15]
2026-03-01T16:06:38.359+05:30  INFO 97963 --- [Job-Portal] [  restartedMain] b.w.c.s.WebApplicationContextInitializer : Root WebApplicationContext: initialization completed in 1290 ms
2026-03-01T16:06:38.616+05:30  INFO 97963 --- [Job-Portal] [  restartedMain] org.mongodb.driver.client                : MongoClient with metadata {"application": {"name": "Cluster0"}, "driver": {"name": "mongo-java-driver|spring-boot|sync", "version": "5.6.2"}, "os": {"type": "Darwin", "name": "Mac OS X", "architecture": "aarch64", "version": "26.3"}, "platform": "Java/Oracle Corporation/21.0.9+7-LTS-338"} created with settings MongoClientSettings{readPreference=primary, writeConcern=WriteConcern{w=null, wTimeout=null ms, journal=null}, retryWrites=true, retryReads=true, readConcern=ReadConcern{level=null}, credential=MongoCredential{mechanism=null, userName='Samarth91', source='admin', password=<hidden>, mechanismProperties=<hidden>}, transportSettings=null, commandListeners=[], codecRegistry=ProvidersCodecRegistry{codecProviders=[ValueCodecProvider{}, BsonValueCodecProvider{}, DBRefCodecProvider{}, DBObjectCodecProvider{}, DocumentCodecProvider{}, CollectionCodecProvider{}, IterableCodecProvider{}, MapCodecProvider{}, GeoJsonCodecProvider{}, GridFSFileCodecProvider{}, Jsr310CodecProvider{}, JsonObjectCodecProvider{}, BsonCodecProvider{}, com.mongodb.client.model.mql.ExpressionCodecProvider@13ed5422, com.mongodb.Jep395RecordCodecProvider@762dbb80, com.mongodb.KotlinCodecProvider@198b9661, EnumCodecProvider{}]}, loggerSettings=LoggerSettings{maxDocumentLength=1000}, clusterSettings={hosts=[127.0.0.1:27017], srvHost=cluster0.gbbzauz.mongodb.net, srvServiceName=mongodb, mode=MULTIPLE, requiredClusterType=REPLICA_SET, requiredReplicaSetName='atlas-hfj3j1-shard-0', serverSelector='null', clusterListeners='[]', serverSelectionTimeout='30000 ms', localThreshold='15 ms'}, socketSettings=SocketSettings{connectTimeoutMS=10000, readTimeoutMS=0, receiveBufferSize=0, proxySettings=ProxySettings{host=null, port=null, username=null, password=null}}, heartbeatSocketSettings=SocketSettings{connectTimeoutMS=10000, readTimeoutMS=10000, receiveBufferSize=0, proxySettings=ProxySettings{host=null, port=null, username=null, password=null}}, connectionPoolSettings=ConnectionPoolSettings{maxSize=100, minSize=0, maxWaitTimeMS=120000, maxConnectionLifeTimeMS=0, maxConnectionIdleTimeMS=0, maintenanceInitialDelayMS=0, maintenanceFrequencyMS=60000, connectionPoolListeners=[], maxConnecting=2}, serverSettings=ServerSettings{heartbeatFrequencyMS=10000, minHeartbeatFrequencyMS=500, serverMonitoringMode=AUTO, serverListeners='[]', serverMonitorListeners='[]'}, sslSettings=SslSettings{enabled=true, invalidHostNameAllowed=false, context=null}, applicationName='Cluster0', compressorList=[], uuidRepresentation=UNSPECIFIED, serverApi=null, autoEncryptionSettings=null, dnsClient=null, inetAddressResolver=null, contextProvider=null, timeoutMS=null}
2026-03-01T16:06:38.671+05:30  INFO 97963 --- [Job-Portal] [auz.mongodb.net] org.mongodb.driver.cluster               : Adding discovered server ac-cuz5jvg-shard-00-00.gbbzauz.mongodb.net:27017 to client view of cluster
2026-03-01T16:06:38.690+05:30  INFO 97963 --- [Job-Portal] [auz.mongodb.net] org.mongodb.driver.cluster               : Adding discovered server ac-cuz5jvg-shard-00-02.gbbzauz.mongodb.net:27017 to client view of cluster
2026-03-01T16:06:38.690+05:30  INFO 97963 --- [Job-Portal] [auz.mongodb.net] org.mongodb.driver.cluster               : Adding discovered server ac-cuz5jvg-shard-00-01.gbbzauz.mongodb.net:27017 to client view of cluster
2026-03-01T16:06:38.922+05:30  INFO 97963 --- [Job-Portal] [  restartedMain] org.mongodb.driver.cluster               : Waiting for server to become available for operation createIndexes with ID 5. Remaining time: 29996 ms. Selector: WritableServerSelector, topology description: {type=REPLICA_SET, servers=[{address=ac-cuz5jvg-shard-00-02.gbbzauz.mongodb.net:27017, type=UNKNOWN, state=CONNECTING}, {address=ac-cuz5jvg-shard-00-01.gbbzauz.mongodb.net:27017, type=UNKNOWN, state=CONNECTING}, {address=ac-cuz5jvg-shard-00-00.gbbzauz.mongodb.net:27017, type=UNKNOWN, state=CONNECTING}].
2026-03-01T16:06:39.195+05:30  INFO 97963 --- [Job-Portal] [ngodb.net:27017] org.mongodb.driver.cluster               : Monitor thread successfully connected to server with description ServerDescription{address=ac-cuz5jvg-shard-00-02.gbbzauz.mongodb.net:27017, type=REPLICA_SET_PRIMARY, cryptd=false, state=CONNECTED, ok=true, minWireVersion=0, maxWireVersion=25, maxDocumentSize=16777216, logicalSessionTimeoutMinutes=30, roundTripTimeNanos=292776000, minRoundTripTimeNanos=0, setName='atlas-hfj3j1-shard-0', canonicalAddress=ac-cuz5jvg-shard-00-02.gbbzauz.mongodb.net:27017, hosts=[ac-cuz5jvg-shard-00-00.gbbzauz.mongodb.net:27017, ac-cuz5jvg-shard-00-01.gbbzauz.mongodb.net:27017, ac-cuz5jvg-shard-00-02.gbbzauz.mongodb.net:27017], passives=[], arbiters=[], primary='ac-cuz5jvg-shard-00-02.gbbzauz.mongodb.net:27017', tagSet=TagSet{[Tag{name='availabilityZone', value='aps1-az2'}, Tag{name='diskState', value='READY'}, Tag{name='nodeType', value='ELECTABLE'}, Tag{name='provider', value='AWS'}, Tag{name='region', value='AP_SOUTH_1'}, Tag{name='workloadType', value='OPERATIONAL'}]}, electionId=7fffffff0000000000000296, setVersion=246, topologyVersion=TopologyVersion{processId=699f67c86e10a9d9c851bbf7, counter=6}, lastWriteDate=Sun Mar 01 16:06:38 IST 2026, lastUpdateTimeNanos=274959527074625}
2026-03-01T16:06:39.195+05:30  INFO 97963 --- [Job-Portal] [ngodb.net:27017] org.mongodb.driver.cluster               : Monitor thread successfully connected to server with description ServerDescription{address=ac-cuz5jvg-shard-00-01.gbbzauz.mongodb.net:27017, type=REPLICA_SET_SECONDARY, cryptd=false, state=CONNECTED, ok=true, minWireVersion=0, maxWireVersion=25, maxDocumentSize=16777216, logicalSessionTimeoutMinutes=30, roundTripTimeNanos=309724042, minRoundTripTimeNanos=0, setName='atlas-hfj3j1-shard-0', canonicalAddress=ac-cuz5jvg-shard-00-01.gbbzauz.mongodb.net:27017, hosts=[ac-cuz5jvg-shard-00-00.gbbzauz.mongodb.net:27017, ac-cuz5jvg-shard-00-01.gbbzauz.mongodb.net:27017, ac-cuz5jvg-shard-00-02.gbbzauz.mongodb.net:27017], passives=[], arbiters=[], primary='ac-cuz5jvg-shard-00-02.gbbzauz.mongodb.net:27017', tagSet=TagSet{[Tag{name='availabilityZone', value='aps1-az3'}, Tag{name='diskState', value='READY'}, Tag{name='nodeType', value='ELECTABLE'}, Tag{name='provider', value='AWS'}, Tag{name='region', value='AP_SOUTH_1'}, Tag{name='workloadType', value='OPERATIONAL'}]}, electionId=null, setVersion=246, topologyVersion=TopologyVersion{processId=699f6a1a43a801829dade42c, counter=3}, lastWriteDate=Sun Mar 01 16:06:38 IST 2026, lastUpdateTimeNanos=274959527074625}
2026-03-01T16:06:39.197+05:30  INFO 97963 --- [Job-Portal] [ngodb.net:27017] org.mongodb.driver.cluster               : Discovered replica set primary ac-cuz5jvg-shard-00-02.gbbzauz.mongodb.net:27017 with max election id 7fffffff0000000000000296 and max set version 246
2026-03-01T16:06:39.204+05:30  INFO 97963 --- [Job-Portal] [ngodb.net:27017] org.mongodb.driver.cluster               : Monitor thread successfully connected to server with description ServerDescription{address=ac-cuz5jvg-shard-00-00.gbbzauz.mongodb.net:27017, type=REPLICA_SET_SECONDARY, cryptd=false, state=CONNECTED, ok=true, minWireVersion=0, maxWireVersion=25, maxDocumentSize=16777216, logicalSessionTimeoutMinutes=30, roundTripTimeNanos=302758958, minRoundTripTimeNanos=0, setName='atlas-hfj3j1-shard-0', canonicalAddress=ac-cuz5jvg-shard-00-00.gbbzauz.mongodb.net:27017, hosts=[ac-cuz5jvg-shard-00-00.gbbzauz.mongodb.net:27017, ac-cuz5jvg-shard-00-01.gbbzauz.mongodb.net:27017, ac-cuz5jvg-shard-00-02.gbbzauz.mongodb.net:27017], passives=[], arbiters=[], primary='ac-cuz5jvg-shard-00-02.gbbzauz.mongodb.net:27017', tagSet=TagSet{[Tag{name='availabilityZone', value='aps1-az1'}, Tag{name='diskState', value='READY'}, Tag{name='nodeType', value='ELECTABLE'}, Tag{name='provider', value='AWS'}, Tag{name='region', value='AP_SOUTH_1'}, Tag{name='workloadType', value='OPERATIONAL'}]}, electionId=null, setVersion=246, topologyVersion=TopologyVersion{processId=699f65723542368a3a4d77d5, counter=4}, lastWriteDate=Sun Mar 01 16:06:38 IST 2026, lastUpdateTimeNanos=274959537111750}
2026-03-01T16:06:41.553+05:30  INFO 97963 --- [Job-Portal] [  restartedMain] eAuthenticationProviderManagerConfigurer : Global AuthenticationManager configured with AuthenticationProvider bean with name authenticationProvider
2026-03-01T16:06:41.555+05:30  WARN 97963 --- [Job-Portal] [  restartedMain] r$InitializeUserDetailsManagerConfigurer : Global AuthenticationManager configured with an AuthenticationProvider bean. UserDetailsService beans will not be used by Spring Security for automatically configuring username/password login. Consider removing the AuthenticationProvider bean. Alternatively, consider using the UserDetailsService in a manually instantiated DaoAuthenticationProvider. If the current configuration is intentional, to turn off this warning, increase the logging level of 'org.springframework.security.config.annotation.authentication.configuration.InitializeUserDetailsBeanManagerConfigurer' to ERROR
2026-03-01T16:06:42.274+05:30  INFO 97963 --- [Job-Portal] [  restartedMain] o.s.boot.tomcat.TomcatWebServer          : Tomcat started on port 8080 (http) with context path '/'
2026-03-01T16:06:42.285+05:30  INFO 97963 --- [Job-Portal] [  restartedMain] com.jobportal.JobPortalApplication       : Started JobPortalApplication in 5.55 seconds (process running for 5.891)
2026-03-01T16:06:59.620+05:30  INFO 97963 --- [Job-Portal] [ionShutdownHook] o.s.boot.tomcat.GracefulShutdown         : Commencing graceful shutdown. Waiting for active requests to complete
2026-03-01T16:07:01.634+05:30  INFO 97963 --- [Job-Portal] [tomcat-shutdown] o.s.boot.tomcat.GracefulShutdown         : Graceful shutdown complete
